C:\USERS\FLORIAN\DOCUMENTS\VISUAL STUDIO 2010\PROJECTS\KNAPSACK\DEBUG\KNAPSACK.EXE
C:\USERS\FLORIAN\DOCUMENTS\VISUAL STUDIO 2010\PROJECTS\KNAPSACK\DEBUG\KNAPSACK.ILK
C:\USERS\FLORIAN\DOCUMENTS\VISUAL STUDIO 2010\PROJECTS\KNAPSACK\DEBUG\KNAPSACK.PDB
C:\Users\Florian\documents\visual studio 2010\Projects\Knapsack\Knapsack\Debug\cl.command.1.tlog
C:\Users\Florian\documents\visual studio 2010\Projects\Knapsack\Knapsack\Debug\CL.read.1.tlog
C:\Users\Florian\documents\visual studio 2010\Projects\Knapsack\Knapsack\Debug\CL.write.1.tlog
C:\USERS\FLORIAN\DOCUMENTS\VISUAL STUDIO 2010\PROJECTS\KNAPSACK\KNAPSACK\DEBUG\KNAPSACK.EXE.EMBED.MANIFEST
C:\USERS\FLORIAN\DOCUMENTS\VISUAL STUDIO 2010\PROJECTS\KNAPSACK\KNAPSACK\DEBUG\KNAPSACK.EXE.EMBED.MANIFEST.RES
C:\USERS\FLORIAN\DOCUMENTS\VISUAL STUDIO 2010\PROJECTS\KNAPSACK\KNAPSACK\DEBUG\KNAPSACK.EXE.INTERMEDIATE.MANIFEST
C:\USERS\FLORIAN\DOCUMENTS\VISUAL STUDIO 2010\PROJECTS\KNAPSACK\KNAPSACK\DEBUG\KNAPSACK.OBJ
C:\Users\Florian\documents\visual studio 2010\Projects\Knapsack\Knapsack\Debug\Knapsack.vcxprojResolveAssemblyReference.cache
C:\Users\Florian\documents\visual studio 2010\Projects\Knapsack\Knapsack\Debug\Knapsack.write.1.tlog
C:\Users\Florian\documents\visual studio 2010\Projects\Knapsack\Knapsack\Debug\Knapsack_manifest.rc
C:\Users\Florian\documents\visual studio 2010\Projects\Knapsack\Knapsack\Debug\link.1040.read.1.tlog
C:\Users\Florian\documents\visual studio 2010\Projects\Knapsack\Knapsack\Debug\link.1040.write.1.tlog
C:\Users\Florian\documents\visual studio 2010\Projects\Knapsack\Knapsack\Debug\link.1040-cvtres.read.1.tlog
C:\Users\Florian\documents\visual studio 2010\Projects\Knapsack\Knapsack\Debug\link.1040-cvtres.write.1.tlog
C:\Users\Florian\documents\visual studio 2010\Projects\Knapsack\Knapsack\Debug\link.3356.read.1.tlog
C:\Users\Florian\documents\visual studio 2010\Projects\Knapsack\Knapsack\Debug\link.3356.write.1.tlog
C:\Users\Florian\documents\visual studio 2010\Projects\Knapsack\Knapsack\Debug\link.3356-cvtres.read.1.tlog
C:\Users\Florian\documents\visual studio 2010\Projects\Knapsack\Knapsack\Debug\link.3356-cvtres.write.1.tlog
C:\Users\Florian\documents\visual studio 2010\Projects\Knapsack\Knapsack\Debug\link.4688.read.1.tlog
C:\Users\Florian\documents\visual studio 2010\Projects\Knapsack\Knapsack\Debug\link.4688.write.1.tlog
C:\Users\Florian\documents\visual studio 2010\Projects\Knapsack\Knapsack\Debug\link.4688-cvtres.read.1.tlog
C:\Users\Florian\documents\visual studio 2010\Projects\Knapsack\Knapsack\Debug\link.4688-cvtres.write.1.tlog
C:\Users\Florian\documents\visual studio 2010\Projects\Knapsack\Knapsack\Debug\link.6644.read.1.tlog
C:\Users\Florian\documents\visual studio 2010\Projects\Knapsack\Knapsack\Debug\link.6644.write.1.tlog
C:\Users\Florian\documents\visual studio 2010\Projects\Knapsack\Knapsack\Debug\link.6644-cvtres.read.1.tlog
C:\Users\Florian\documents\visual studio 2010\Projects\Knapsack\Knapsack\Debug\link.6644-cvtres.write.1.tlog
C:\Users\Florian\documents\visual studio 2010\Projects\Knapsack\Knapsack\Debug\link.7172.read.1.tlog
C:\Users\Florian\documents\visual studio 2010\Projects\Knapsack\Knapsack\Debug\link.7172.write.1.tlog
C:\Users\Florian\documents\visual studio 2010\Projects\Knapsack\Knapsack\Debug\link.7172-cvtres.read.1.tlog
C:\Users\Florian\documents\visual studio 2010\Projects\Knapsack\Knapsack\Debug\link.7172-cvtres.write.1.tlog
C:\Users\Florian\documents\visual studio 2010\Projects\Knapsack\Knapsack\Debug\link.command.1.tlog
C:\Users\Florian\documents\visual studio 2010\Projects\Knapsack\Knapsack\Debug\link.read.1.tlog
C:\Users\Florian\documents\visual studio 2010\Projects\Knapsack\Knapsack\Debug\link.write.1.tlog
C:\Users\Florian\documents\visual studio 2010\Projects\Knapsack\Knapsack\Debug\link-cvtres.read.1.tlog
C:\Users\Florian\documents\visual studio 2010\Projects\Knapsack\Knapsack\Debug\link-cvtres.write.1.tlog
C:\Users\Florian\documents\visual studio 2010\Projects\Knapsack\Knapsack\Debug\mt.command.1.tlog
C:\Users\Florian\documents\visual studio 2010\Projects\Knapsack\Knapsack\Debug\mt.read.1.tlog
C:\Users\Florian\documents\visual studio 2010\Projects\Knapsack\Knapsack\Debug\mt.write.1.tlog
C:\Users\Florian\documents\visual studio 2010\Projects\Knapsack\Knapsack\Debug\rc.command.1.tlog
C:\Users\Florian\documents\visual studio 2010\Projects\Knapsack\Knapsack\Debug\rc.read.1.tlog
C:\Users\Florian\documents\visual studio 2010\Projects\Knapsack\Knapsack\Debug\rc.write.1.tlog
C:\USERS\FLORIAN\DOCUMENTS\VISUAL STUDIO 2010\PROJECTS\KNAPSACK\KNAPSACK\DEBUG\SOLVER.OBJ
C:\Users\Florian\documents\visual studio 2010\Projects\Knapsack\Knapsack\Debug\vc100.idb
C:\USERS\FLORIAN\DOCUMENTS\VISUAL STUDIO 2010\PROJECTS\KNAPSACK\KNAPSACK\DEBUG\VC100.PDB
